[2025-12-22T13:03:50.694+0000] {manager.py:470} INFO - Processing files using up to 2 processes at a time 
[2025-12-22T13:03:50.695+0000] {manager.py:471} INFO - Process each file at most once every 30 seconds
[2025-12-22T13:03:50.695+0000] {manager.py:472} INFO - Checking for new files in /opt/airflow/dags every 300 seconds
[2025-12-22T13:03:50.695+0000] {manager.py:737} INFO - Searching for files in /opt/airflow/dags
[2025-12-22T13:03:50.696+0000] {manager.py:740} INFO - There are 0 files in /opt/airflow/dags
[2025-12-22T13:08:50.884+0000] {manager.py:737} INFO - Searching for files in /opt/airflow/dags
[2025-12-22T13:08:51.158+0000] {manager.py:740} INFO - There are 1 files in /opt/airflow/dags
[2025-12-22T13:08:53.877+0000] {manager.py:878} INFO - 
================================================================================
DAG File Processing Stats

File Path                                       PID    Runtime      # DAGs    # Errors  Last Runtime    Last Run
----------------------------------------------  -----  ---------  --------  ----------  --------------  -------------------
/opt/airflow/dags/retail_sales_pipeline_dag.py                           1           0  1.21s           2025-12-22T13:08:52
================================================================================
[2025-12-22T13:09:24.436+0000] {manager.py:878} INFO - 
================================================================================
DAG File Processing Stats

File Path                                       PID    Runtime      # DAGs    # Errors  Last Runtime    Last Run
----------------------------------------------  -----  ---------  --------  ----------  --------------  -------------------
/opt/airflow/dags/retail_sales_pipeline_dag.py                           1           0  0.09s           2025-12-22T13:09:20
================================================================================
[2025-12-22T13:09:35.201+0000] {manager.py:452} INFO - Exiting gracefully upon receiving signal 15
[2025-12-22T13:09:40.645+0000] {manager.py:470} INFO - Processing files using up to 2 processes at a time 
[2025-12-22T13:09:40.646+0000] {manager.py:471} INFO - Process each file at most once every 30 seconds
[2025-12-22T13:09:40.649+0000] {manager.py:472} INFO - Checking for new files in /opt/airflow/dags every 300 seconds
[2025-12-22T13:09:40.650+0000] {manager.py:737} INFO - Searching for files in /opt/airflow/dags
[2025-12-22T13:09:40.651+0000] {manager.py:740} INFO - There are 1 files in /opt/airflow/dags
[2025-12-22T13:09:40.703+0000] {manager.py:878} INFO - 
================================================================================
DAG File Processing Stats

File Path                                         PID  Runtime      # DAGs    # Errors  Last Runtime    Last Run
----------------------------------------------  -----  ---------  --------  ----------  --------------  ----------
/opt/airflow/dags/retail_sales_pipeline_dag.py    164  0.03s             0           0
================================================================================
[2025-12-22T13:10:11.091+0000] {manager.py:878} INFO - 
================================================================================
DAG File Processing Stats

File Path                                         PID  Runtime      # DAGs    # Errors  Last Runtime    Last Run
----------------------------------------------  -----  ---------  --------  ----------  --------------  -------------------
/opt/airflow/dags/retail_sales_pipeline_dag.py    169  0.03s             1           0  0.07s           2025-12-22T13:09:40
================================================================================
[2025-12-22T13:10:41.462+0000] {manager.py:878} INFO - 
================================================================================
DAG File Processing Stats

File Path                                         PID  Runtime      # DAGs    # Errors  Last Runtime    Last Run
----------------------------------------------  -----  ---------  --------  ----------  --------------  -------------------
/opt/airflow/dags/retail_sales_pipeline_dag.py    174  0.01s             1           0  0.12s           2025-12-22T13:10:11
================================================================================
[2025-12-22T13:11:11.785+0000] {manager.py:878} INFO - 
================================================================================
DAG File Processing Stats

File Path                                         PID  Runtime      # DAGs    # Errors  Last Runtime    Last Run
----------------------------------------------  -----  ---------  --------  ----------  --------------  -------------------
/opt/airflow/dags/retail_sales_pipeline_dag.py    179  0.02s             1           0  0.09s           2025-12-22T13:10:41
================================================================================
[2025-12-22T13:11:42.214+0000] {manager.py:878} INFO - 
================================================================================
DAG File Processing Stats

File Path                                         PID  Runtime      # DAGs    # Errors  Last Runtime    Last Run
----------------------------------------------  -----  ---------  --------  ----------  --------------  -------------------
/opt/airflow/dags/retail_sales_pipeline_dag.py    184  0.02s             1           0  0.10s           2025-12-22T13:11:11
================================================================================
[2025-12-22T13:12:12.621+0000] {manager.py:878} INFO - 
================================================================================
DAG File Processing Stats

File Path                                         PID  Runtime      # DAGs    # Errors  Last Runtime    Last Run
----------------------------------------------  -----  ---------  --------  ----------  --------------  -------------------
/opt/airflow/dags/retail_sales_pipeline_dag.py    189  0.01s             1           0  0.32s           2025-12-22T13:11:42
================================================================================
[2025-12-22T13:12:42.997+0000] {manager.py:878} INFO - 
================================================================================
DAG File Processing Stats

File Path                                         PID  Runtime      # DAGs    # Errors  Last Runtime    Last Run
----------------------------------------------  -----  ---------  --------  ----------  --------------  -------------------
/opt/airflow/dags/retail_sales_pipeline_dag.py    194  0.01s             1           0  0.14s           2025-12-22T13:12:12
================================================================================
[2025-12-22T13:13:13.446+0000] {manager.py:878} INFO - 
================================================================================
DAG File Processing Stats

File Path                                         PID  Runtime      # DAGs    # Errors  Last Runtime    Last Run
----------------------------------------------  -----  ---------  --------  ----------  --------------  -------------------
/opt/airflow/dags/retail_sales_pipeline_dag.py    199  0.03s             1           0  0.08s           2025-12-22T13:12:43
================================================================================
[2025-12-22T13:13:43.952+0000] {manager.py:878} INFO - 
================================================================================
DAG File Processing Stats

File Path                                         PID  Runtime      # DAGs    # Errors  Last Runtime    Last Run
----------------------------------------------  -----  ---------  --------  ----------  --------------  -------------------
/opt/airflow/dags/retail_sales_pipeline_dag.py    204  0.02s             1           0  0.19s           2025-12-22T13:13:13
================================================================================
[2025-12-22T13:14:14.278+0000] {manager.py:878} INFO - 
================================================================================
DAG File Processing Stats

File Path                                         PID  Runtime      # DAGs    # Errors  Last Runtime    Last Run
----------------------------------------------  -----  ---------  --------  ----------  --------------  -------------------
/opt/airflow/dags/retail_sales_pipeline_dag.py    209  0.02s             1           0  0.10s           2025-12-22T13:13:44
================================================================================
[2025-12-22T13:14:40.657+0000] {manager.py:737} INFO - Searching for files in /opt/airflow/dags
[2025-12-22T13:14:40.667+0000] {manager.py:740} INFO - There are 1 files in /opt/airflow/dags
[2025-12-22T13:14:44.750+0000] {manager.py:878} INFO - 
================================================================================
DAG File Processing Stats

File Path                                         PID  Runtime      # DAGs    # Errors  Last Runtime    Last Run
----------------------------------------------  -----  ---------  --------  ----------  --------------  -------------------
/opt/airflow/dags/retail_sales_pipeline_dag.py    214  0.02s             1           0  0.11s           2025-12-22T13:14:14
================================================================================
[2025-12-22T13:15:15.138+0000] {manager.py:878} INFO - 
================================================================================
DAG File Processing Stats

File Path                                         PID  Runtime      # DAGs    # Errors  Last Runtime    Last Run
----------------------------------------------  -----  ---------  --------  ----------  --------------  -------------------
/opt/airflow/dags/retail_sales_pipeline_dag.py    219  0.03s             1           0  0.20s           2025-12-22T13:14:44
================================================================================
[2025-12-22T13:15:45.597+0000] {manager.py:878} INFO - 
================================================================================
DAG File Processing Stats

File Path                                         PID  Runtime      # DAGs    # Errors  Last Runtime    Last Run
----------------------------------------------  -----  ---------  --------  ----------  --------------  -------------------
/opt/airflow/dags/retail_sales_pipeline_dag.py    227  0.02s             1           0  0.12s           2025-12-22T13:15:15
================================================================================
[2025-12-22T13:16:16.032+0000] {manager.py:878} INFO - 
================================================================================
DAG File Processing Stats

File Path                                         PID  Runtime      # DAGs    # Errors  Last Runtime    Last Run
----------------------------------------------  -----  ---------  --------  ----------  --------------  -------------------
/opt/airflow/dags/retail_sales_pipeline_dag.py    242  0.01s             0           0  0.08s           2025-12-22T13:16:15
================================================================================
[2025-12-22T13:16:38.222+0000] {manager.py:470} INFO - Processing files using up to 2 processes at a time 
[2025-12-22T13:16:38.224+0000] {manager.py:471} INFO - Process each file at most once every 30 seconds
[2025-12-22T13:16:38.227+0000] {manager.py:472} INFO - Checking for new files in /opt/airflow/dags every 300 seconds
[2025-12-22T13:16:38.227+0000] {manager.py:737} INFO - Searching for files in /opt/airflow/dags
[2025-12-22T13:16:38.233+0000] {manager.py:740} INFO - There are 1 files in /opt/airflow/dags
[2025-12-22T13:16:38.310+0000] {manager.py:878} INFO - 
================================================================================
DAG File Processing Stats

File Path                                         PID  Runtime      # DAGs    # Errors  Last Runtime    Last Run
----------------------------------------------  -----  ---------  --------  ----------  --------------  ----------
/opt/airflow/dags/retail_sales_pipeline_dag.py    164  0.04s             0           0
================================================================================
[2025-12-22T13:17:08.744+0000] {manager.py:878} INFO - 
================================================================================
DAG File Processing Stats

File Path                                         PID  Runtime      # DAGs    # Errors  Last Runtime    Last Run
----------------------------------------------  -----  ---------  --------  ----------  --------------  -------------------
/opt/airflow/dags/retail_sales_pipeline_dag.py    169  0.03s             1           0  0.10s           2025-12-22T13:16:38
================================================================================
[2025-12-22T13:17:39.048+0000] {manager.py:878} INFO - 
================================================================================
DAG File Processing Stats

File Path                                         PID  Runtime      # DAGs    # Errors  Last Runtime    Last Run
----------------------------------------------  -----  ---------  --------  ----------  --------------  -------------------
/opt/airflow/dags/retail_sales_pipeline_dag.py    174  0.02s             1           0  0.29s           2025-12-22T13:17:08
================================================================================
[2025-12-22T13:18:09.481+0000] {manager.py:878} INFO - 
================================================================================
DAG File Processing Stats

File Path                                         PID  Runtime      # DAGs    # Errors  Last Runtime    Last Run
----------------------------------------------  -----  ---------  --------  ----------  --------------  -------------------
/opt/airflow/dags/retail_sales_pipeline_dag.py    179  0.02s             1           0  0.09s           2025-12-22T13:17:39
================================================================================
[2025-12-22T13:18:39.834+0000] {manager.py:878} INFO - 
================================================================================
DAG File Processing Stats

File Path                                         PID  Runtime      # DAGs    # Errors  Last Runtime    Last Run
----------------------------------------------  -----  ---------  --------  ----------  --------------  -------------------
/opt/airflow/dags/retail_sales_pipeline_dag.py    184  0.01s             1           0  0.12s           2025-12-22T13:18:09
================================================================================
[2025-12-22T13:19:10.305+0000] {manager.py:878} INFO - 
================================================================================
DAG File Processing Stats

File Path                                         PID  Runtime      # DAGs    # Errors  Last Runtime    Last Run
----------------------------------------------  -----  ---------  --------  ----------  --------------  -------------------
/opt/airflow/dags/retail_sales_pipeline_dag.py    189  0.02s             1           0  0.09s           2025-12-22T13:18:39
================================================================================
[2025-12-22T13:19:36.176+0000] {manager.py:470} INFO - Processing files using up to 2 processes at a time 
[2025-12-22T13:19:36.178+0000] {manager.py:471} INFO - Process each file at most once every 30 seconds
[2025-12-22T13:19:36.179+0000] {manager.py:472} INFO - Checking for new files in /opt/airflow/dags every 300 seconds
[2025-12-22T13:19:36.179+0000] {manager.py:737} INFO - Searching for files in /opt/airflow/dags
[2025-12-22T13:19:36.185+0000] {manager.py:740} INFO - There are 1 files in /opt/airflow/dags
[2025-12-22T13:19:36.355+0000] {manager.py:878} INFO - 
================================================================================
DAG File Processing Stats

File Path                                         PID  Runtime      # DAGs    # Errors  Last Runtime    Last Run
----------------------------------------------  -----  ---------  --------  ----------  --------------  ----------
/opt/airflow/dags/retail_sales_pipeline_dag.py    163  0.07s             0           0
================================================================================
[2025-12-22T13:20:06.917+0000] {manager.py:878} INFO - 
================================================================================
DAG File Processing Stats

File Path                                         PID  Runtime      # DAGs    # Errors  Last Runtime    Last Run
----------------------------------------------  -----  ---------  --------  ----------  --------------  -------------------
/opt/airflow/dags/retail_sales_pipeline_dag.py    169  0.05s             1           0  0.14s           2025-12-22T13:19:36
================================================================================
[2025-12-22T13:20:37.257+0000] {manager.py:878} INFO - 
================================================================================
DAG File Processing Stats

File Path                                       PID    Runtime      # DAGs    # Errors  Last Runtime    Last Run
----------------------------------------------  -----  ---------  --------  ----------  --------------  -------------------
/opt/airflow/dags/retail_sales_pipeline_dag.py                           1           0  0.65s           2025-12-22T13:20:07
================================================================================
[2025-12-22T13:21:08.128+0000] {manager.py:878} INFO - 
================================================================================
DAG File Processing Stats

File Path                                         PID  Runtime      # DAGs    # Errors  Last Runtime    Last Run
----------------------------------------------  -----  ---------  --------  ----------  --------------  -------------------
/opt/airflow/dags/retail_sales_pipeline_dag.py    189  0.01s             1           0  0.28s           2025-12-22T13:20:38
================================================================================
[2025-12-22T13:21:38.687+0000] {manager.py:878} INFO - 
================================================================================
DAG File Processing Stats

File Path                                         PID  Runtime      # DAGs    # Errors  Last Runtime    Last Run
----------------------------------------------  -----  ---------  --------  ----------  --------------  -------------------
/opt/airflow/dags/retail_sales_pipeline_dag.py    194  0.03s             1           0  0.11s           2025-12-22T13:21:08
================================================================================
[2025-12-22T13:22:09.109+0000] {manager.py:878} INFO - 
================================================================================
DAG File Processing Stats

File Path                                         PID  Runtime      # DAGs    # Errors  Last Runtime    Last Run
----------------------------------------------  -----  ---------  --------  ----------  --------------  -------------------
/opt/airflow/dags/retail_sales_pipeline_dag.py    199  0.02s             1           0  0.12s           2025-12-22T13:21:38
================================================================================
[2025-12-22T13:22:39.550+0000] {manager.py:878} INFO - 
================================================================================
DAG File Processing Stats

File Path                                         PID  Runtime      # DAGs    # Errors  Last Runtime    Last Run
----------------------------------------------  -----  ---------  --------  ----------  --------------  -------------------
/opt/airflow/dags/retail_sales_pipeline_dag.py    204  0.02s             1           0  0.11s           2025-12-22T13:22:09
================================================================================
[2025-12-22T13:23:10.105+0000] {manager.py:878} INFO - 
================================================================================
DAG File Processing Stats

File Path                                         PID  Runtime      # DAGs    # Errors  Last Runtime    Last Run
----------------------------------------------  -----  ---------  --------  ----------  --------------  -------------------
/opt/airflow/dags/retail_sales_pipeline_dag.py    209  0.03s             1           0  0.12s           2025-12-22T13:22:39
================================================================================
[2025-12-22T13:23:40.543+0000] {manager.py:878} INFO - 
================================================================================
DAG File Processing Stats

File Path                                         PID  Runtime      # DAGs    # Errors  Last Runtime    Last Run
----------------------------------------------  -----  ---------  --------  ----------  --------------  -------------------
/opt/airflow/dags/retail_sales_pipeline_dag.py    214  0.04s             1           0  0.16s           2025-12-22T13:23:10
================================================================================
[2025-12-22T13:24:11.013+0000] {manager.py:878} INFO - 
================================================================================
DAG File Processing Stats

File Path                                         PID  Runtime      # DAGs    # Errors  Last Runtime    Last Run
----------------------------------------------  -----  ---------  --------  ----------  --------------  -------------------
/opt/airflow/dags/retail_sales_pipeline_dag.py    219  0.02s             1           0  0.14s           2025-12-22T13:23:40
================================================================================
[2025-12-22T13:24:36.377+0000] {manager.py:737} INFO - Searching for files in /opt/airflow/dags
[2025-12-22T13:24:36.389+0000] {manager.py:740} INFO - There are 1 files in /opt/airflow/dags
[2025-12-22T13:24:41.524+0000] {manager.py:878} INFO - 
================================================================================
DAG File Processing Stats

File Path                                         PID  Runtime      # DAGs    # Errors  Last Runtime    Last Run
----------------------------------------------  -----  ---------  --------  ----------  --------------  -------------------
/opt/airflow/dags/retail_sales_pipeline_dag.py    224  0.04s             1           0  0.10s           2025-12-22T13:24:11
================================================================================
[2025-12-22T13:25:11.927+0000] {manager.py:878} INFO - 
================================================================================
DAG File Processing Stats

File Path                                         PID  Runtime      # DAGs    # Errors  Last Runtime    Last Run
----------------------------------------------  -----  ---------  --------  ----------  --------------  -------------------
/opt/airflow/dags/retail_sales_pipeline_dag.py    229  0.02s             1           0  0.13s           2025-12-22T13:24:41
================================================================================
[2025-12-22T13:25:42.320+0000] {manager.py:878} INFO - 
================================================================================
DAG File Processing Stats

File Path                                         PID  Runtime      # DAGs    # Errors  Last Runtime    Last Run
----------------------------------------------  -----  ---------  --------  ----------  --------------  -------------------
/opt/airflow/dags/retail_sales_pipeline_dag.py    234  0.02s             1           0  0.19s           2025-12-22T13:25:12
================================================================================
[2025-12-22T13:26:12.839+0000] {manager.py:878} INFO - 
================================================================================
DAG File Processing Stats

File Path                                         PID  Runtime      # DAGs    # Errors  Last Runtime    Last Run
----------------------------------------------  -----  ---------  --------  ----------  --------------  -------------------
/opt/airflow/dags/retail_sales_pipeline_dag.py    239  0.03s             1           0  0.12s           2025-12-22T13:25:42
================================================================================
[2025-12-22T13:26:43.196+0000] {manager.py:878} INFO - 
================================================================================
DAG File Processing Stats

File Path                                         PID  Runtime      # DAGs    # Errors  Last Runtime    Last Run
----------------------------------------------  -----  ---------  --------  ----------  --------------  -------------------
/opt/airflow/dags/retail_sales_pipeline_dag.py    244  0.03s             1           0  0.14s           2025-12-22T13:26:12
================================================================================
[2025-12-22T13:27:13.550+0000] {manager.py:878} INFO - 
================================================================================
DAG File Processing Stats

File Path                                         PID  Runtime      # DAGs    # Errors  Last Runtime    Last Run
----------------------------------------------  -----  ---------  --------  ----------  --------------  -------------------
/opt/airflow/dags/retail_sales_pipeline_dag.py    249  0.02s             1           0  0.10s           2025-12-22T13:26:43
================================================================================
[2025-12-22T13:27:43.962+0000] {manager.py:878} INFO - 
================================================================================
DAG File Processing Stats

File Path                                         PID  Runtime      # DAGs    # Errors  Last Runtime    Last Run
----------------------------------------------  -----  ---------  --------  ----------  --------------  -------------------
/opt/airflow/dags/retail_sales_pipeline_dag.py    254  0.07s             1           0  0.11s           2025-12-22T13:27:13
================================================================================
[2025-12-22T13:28:14.531+0000] {manager.py:878} INFO - 
================================================================================
DAG File Processing Stats

File Path                                         PID  Runtime      # DAGs    # Errors  Last Runtime    Last Run
----------------------------------------------  -----  ---------  --------  ----------  --------------  -------------------
/opt/airflow/dags/retail_sales_pipeline_dag.py    259  0.04s             1           0  0.19s           2025-12-22T13:27:44
================================================================================
[2025-12-22T13:28:45.068+0000] {manager.py:878} INFO - 
================================================================================
DAG File Processing Stats

File Path                                         PID  Runtime      # DAGs    # Errors  Last Runtime    Last Run
----------------------------------------------  -----  ---------  --------  ----------  --------------  -------------------
/opt/airflow/dags/retail_sales_pipeline_dag.py    264  0.04s             1           0  0.15s           2025-12-22T13:28:14
================================================================================
[2025-12-22T13:29:15.523+0000] {manager.py:878} INFO - 
================================================================================
DAG File Processing Stats

File Path                                         PID  Runtime      # DAGs    # Errors  Last Runtime    Last Run
----------------------------------------------  -----  ---------  --------  ----------  --------------  -------------------
/opt/airflow/dags/retail_sales_pipeline_dag.py    269  0.02s             1           0  0.17s           2025-12-22T13:28:45
================================================================================
[2025-12-22T13:29:36.759+0000] {manager.py:737} INFO - Searching for files in /opt/airflow/dags
[2025-12-22T13:29:36.779+0000] {manager.py:740} INFO - There are 1 files in /opt/airflow/dags
[2025-12-22T13:29:45.937+0000] {manager.py:878} INFO - 
================================================================================
DAG File Processing Stats

File Path                                         PID  Runtime      # DAGs    # Errors  Last Runtime    Last Run
----------------------------------------------  -----  ---------  --------  ----------  --------------  -------------------
/opt/airflow/dags/retail_sales_pipeline_dag.py    274  0.03s             1           0  0.14s           2025-12-22T13:29:15
================================================================================
[2025-12-22T13:30:16.309+0000] {manager.py:878} INFO - 
================================================================================
DAG File Processing Stats

File Path                                         PID  Runtime      # DAGs    # Errors  Last Runtime    Last Run
----------------------------------------------  -----  ---------  --------  ----------  --------------  -------------------
/opt/airflow/dags/retail_sales_pipeline_dag.py    279  0.02s             1           0  0.13s           2025-12-22T13:29:46
================================================================================
[2025-12-22T13:30:46.678+0000] {manager.py:878} INFO - 
================================================================================
DAG File Processing Stats

File Path                                         PID  Runtime      # DAGs    # Errors  Last Runtime    Last Run
----------------------------------------------  -----  ---------  --------  ----------  --------------  -------------------
/opt/airflow/dags/retail_sales_pipeline_dag.py    284  0.03s             1           0  0.13s           2025-12-22T13:30:16
================================================================================
[2025-12-22T13:31:17.055+0000] {manager.py:878} INFO - 
================================================================================
DAG File Processing Stats

File Path                                         PID  Runtime      # DAGs    # Errors  Last Runtime    Last Run
----------------------------------------------  -----  ---------  --------  ----------  --------------  -------------------
/opt/airflow/dags/retail_sales_pipeline_dag.py    289  0.02s             1           0  0.15s           2025-12-22T13:30:46
================================================================================
[2025-12-22T13:31:47.523+0000] {manager.py:878} INFO - 
================================================================================
DAG File Processing Stats

File Path                                         PID  Runtime      # DAGs    # Errors  Last Runtime    Last Run
----------------------------------------------  -----  ---------  --------  ----------  --------------  -------------------
/opt/airflow/dags/retail_sales_pipeline_dag.py    294  0.03s             1           0  0.14s           2025-12-22T13:31:17
================================================================================
[2025-12-22T13:32:17.921+0000] {manager.py:878} INFO - 
================================================================================
DAG File Processing Stats

File Path                                         PID  Runtime      # DAGs    # Errors  Last Runtime    Last Run
----------------------------------------------  -----  ---------  --------  ----------  --------------  -------------------
/opt/airflow/dags/retail_sales_pipeline_dag.py    299  0.01s             1           0  0.14s           2025-12-22T13:31:47
================================================================================
[2025-12-22T13:32:48.336+0000] {manager.py:878} INFO - 
================================================================================
DAG File Processing Stats

File Path                                         PID  Runtime      # DAGs    # Errors  Last Runtime    Last Run
----------------------------------------------  -----  ---------  --------  ----------  --------------  -------------------
/opt/airflow/dags/retail_sales_pipeline_dag.py    304  0.01s             1           0  0.09s           2025-12-22T13:32:17
================================================================================
[2025-12-22T13:33:18.687+0000] {manager.py:878} INFO - 
================================================================================
DAG File Processing Stats

File Path                                         PID  Runtime      # DAGs    # Errors  Last Runtime    Last Run
----------------------------------------------  -----  ---------  --------  ----------  --------------  -------------------
/opt/airflow/dags/retail_sales_pipeline_dag.py    309  0.03s             1           0  0.10s           2025-12-22T13:32:48
================================================================================
[2025-12-22T13:33:49.049+0000] {manager.py:878} INFO - 
================================================================================
DAG File Processing Stats

File Path                                         PID  Runtime      # DAGs    # Errors  Last Runtime    Last Run
----------------------------------------------  -----  ---------  --------  ----------  --------------  -------------------
/opt/airflow/dags/retail_sales_pipeline_dag.py    314  0.03s             1           0  0.12s           2025-12-22T13:33:18
================================================================================
[2025-12-22T13:34:19.419+0000] {manager.py:878} INFO - 
================================================================================
DAG File Processing Stats

File Path                                         PID  Runtime      # DAGs    # Errors  Last Runtime    Last Run
----------------------------------------------  -----  ---------  --------  ----------  --------------  -------------------
/opt/airflow/dags/retail_sales_pipeline_dag.py    319  0.03s             1           0  0.12s           2025-12-22T13:33:49
================================================================================
[2025-12-22T13:34:37.602+0000] {manager.py:737} INFO - Searching for files in /opt/airflow/dags
[2025-12-22T13:34:37.615+0000] {manager.py:740} INFO - There are 1 files in /opt/airflow/dags
[2025-12-22T13:34:49.868+0000] {manager.py:878} INFO - 
================================================================================
DAG File Processing Stats

File Path                                         PID  Runtime      # DAGs    # Errors  Last Runtime    Last Run
----------------------------------------------  -----  ---------  --------  ----------  --------------  -------------------
/opt/airflow/dags/retail_sales_pipeline_dag.py    324  0.02s             1           0  0.11s           2025-12-22T13:34:19
================================================================================
[2025-12-22T13:35:20.408+0000] {manager.py:878} INFO - 
================================================================================
DAG File Processing Stats

File Path                                         PID  Runtime      # DAGs    # Errors  Last Runtime    Last Run
----------------------------------------------  -----  ---------  --------  ----------  --------------  -------------------
/opt/airflow/dags/retail_sales_pipeline_dag.py    329  0.04s             1           0  0.15s           2025-12-22T13:34:49
================================================================================
[2025-12-22T13:35:50.817+0000] {manager.py:878} INFO - 
================================================================================
DAG File Processing Stats

File Path                                         PID  Runtime      # DAGs    # Errors  Last Runtime    Last Run
----------------------------------------------  -----  ---------  --------  ----------  --------------  -------------------
/opt/airflow/dags/retail_sales_pipeline_dag.py    334  0.02s             1           0  0.19s           2025-12-22T13:35:20
================================================================================
[2025-12-22T13:36:21.255+0000] {manager.py:878} INFO - 
================================================================================
DAG File Processing Stats

File Path                                         PID  Runtime      # DAGs    # Errors  Last Runtime    Last Run
----------------------------------------------  -----  ---------  --------  ----------  --------------  -------------------
/opt/airflow/dags/retail_sales_pipeline_dag.py    339  0.02s             1           0  0.14s           2025-12-22T13:35:50
================================================================================
[2025-12-22T13:36:51.684+0000] {manager.py:878} INFO - 
================================================================================
DAG File Processing Stats

File Path                                         PID  Runtime      # DAGs    # Errors  Last Runtime    Last Run
----------------------------------------------  -----  ---------  --------  ----------  --------------  -------------------
/opt/airflow/dags/retail_sales_pipeline_dag.py    344  0.03s             1           0  0.10s           2025-12-22T13:36:21
================================================================================
[2025-12-22T13:37:22.115+0000] {manager.py:878} INFO - 
================================================================================
DAG File Processing Stats

File Path                                         PID  Runtime      # DAGs    # Errors  Last Runtime    Last Run
----------------------------------------------  -----  ---------  --------  ----------  --------------  -------------------
/opt/airflow/dags/retail_sales_pipeline_dag.py    349  0.02s             1           0  0.13s           2025-12-22T13:36:51
================================================================================
[2025-12-22T13:37:52.440+0000] {manager.py:878} INFO - 
================================================================================
DAG File Processing Stats

File Path                                         PID  Runtime      # DAGs    # Errors  Last Runtime    Last Run
----------------------------------------------  -----  ---------  --------  ----------  --------------  -------------------
/opt/airflow/dags/retail_sales_pipeline_dag.py    354  0.03s             1           0  0.11s           2025-12-22T13:37:22
================================================================================
[2025-12-22T13:38:22.765+0000] {manager.py:878} INFO - 
================================================================================
DAG File Processing Stats

File Path                                         PID  Runtime      # DAGs    # Errors  Last Runtime    Last Run
----------------------------------------------  -----  ---------  --------  ----------  --------------  -------------------
/opt/airflow/dags/retail_sales_pipeline_dag.py    359  0.03s             1           0  0.12s           2025-12-22T13:37:52
================================================================================
[2025-12-22T13:38:53.134+0000] {manager.py:878} INFO - 
================================================================================
DAG File Processing Stats

File Path                                         PID  Runtime      # DAGs    # Errors  Last Runtime    Last Run
----------------------------------------------  -----  ---------  --------  ----------  --------------  -------------------
/opt/airflow/dags/retail_sales_pipeline_dag.py    364  0.04s             1           0  0.11s           2025-12-22T13:38:22
================================================================================
[2025-12-22T13:39:23.650+0000] {manager.py:878} INFO - 
================================================================================
DAG File Processing Stats

File Path                                         PID  Runtime      # DAGs    # Errors  Last Runtime    Last Run
----------------------------------------------  -----  ---------  --------  ----------  --------------  -------------------
/opt/airflow/dags/retail_sales_pipeline_dag.py    369  0.03s             1           0  0.12s           2025-12-22T13:38:53
================================================================================
[2025-12-22T13:39:37.865+0000] {manager.py:737} INFO - Searching for files in /opt/airflow/dags
[2025-12-22T13:39:37.898+0000] {manager.py:740} INFO - There are 1 files in /opt/airflow/dags
[2025-12-22T13:39:54.209+0000] {manager.py:878} INFO - 
================================================================================
DAG File Processing Stats

File Path                                         PID  Runtime      # DAGs    # Errors  Last Runtime    Last Run
----------------------------------------------  -----  ---------  --------  ----------  --------------  -------------------
/opt/airflow/dags/retail_sales_pipeline_dag.py    374  0.03s             1           0  0.14s           2025-12-22T13:39:23
================================================================================
[2025-12-22T13:40:24.893+0000] {manager.py:878} INFO - 
================================================================================
DAG File Processing Stats

File Path                                         PID  Runtime      # DAGs    # Errors  Last Runtime    Last Run
----------------------------------------------  -----  ---------  --------  ----------  --------------  -------------------
/opt/airflow/dags/retail_sales_pipeline_dag.py    379  0.10s             1           0  0.17s           2025-12-22T13:39:54
================================================================================
[2025-12-22T13:40:55.253+0000] {manager.py:878} INFO - 
================================================================================
DAG File Processing Stats

File Path                                         PID  Runtime      # DAGs    # Errors  Last Runtime    Last Run
----------------------------------------------  -----  ---------  --------  ----------  --------------  -------------------
/opt/airflow/dags/retail_sales_pipeline_dag.py    384  0.02s             1           0  0.23s           2025-12-22T13:40:25
================================================================================
[2025-12-22T13:41:25.702+0000] {manager.py:878} INFO - 
================================================================================
DAG File Processing Stats

File Path                                         PID  Runtime      # DAGs    # Errors  Last Runtime    Last Run
----------------------------------------------  -----  ---------  --------  ----------  --------------  -------------------
/opt/airflow/dags/retail_sales_pipeline_dag.py    389  0.03s             1           0  0.12s           2025-12-22T13:40:55
================================================================================
[2025-12-22T13:41:56.131+0000] {manager.py:878} INFO - 
================================================================================
DAG File Processing Stats

File Path                                         PID  Runtime      # DAGs    # Errors  Last Runtime    Last Run
----------------------------------------------  -----  ---------  --------  ----------  --------------  -------------------
/opt/airflow/dags/retail_sales_pipeline_dag.py    394  0.04s             1           0  0.14s           2025-12-22T13:41:25
================================================================================
[2025-12-22T13:42:26.571+0000] {manager.py:878} INFO - 
================================================================================
DAG File Processing Stats

File Path                                         PID  Runtime      # DAGs    # Errors  Last Runtime    Last Run
----------------------------------------------  -----  ---------  --------  ----------  --------------  -------------------
/opt/airflow/dags/retail_sales_pipeline_dag.py    399  0.02s             1           0  0.18s           2025-12-22T13:41:56
================================================================================
[2025-12-22T13:42:57.058+0000] {manager.py:878} INFO - 
================================================================================
DAG File Processing Stats

File Path                                         PID  Runtime      # DAGs    # Errors  Last Runtime    Last Run
----------------------------------------------  -----  ---------  --------  ----------  --------------  -------------------
/opt/airflow/dags/retail_sales_pipeline_dag.py    404  0.05s             1           0  0.12s           2025-12-22T13:42:26
================================================================================
[2025-12-22T13:43:27.402+0000] {manager.py:878} INFO - 
================================================================================
DAG File Processing Stats

File Path                                         PID  Runtime      # DAGs    # Errors  Last Runtime    Last Run
----------------------------------------------  -----  ---------  --------  ----------  --------------  -------------------
/opt/airflow/dags/retail_sales_pipeline_dag.py    409  0.03s             1           0  0.15s           2025-12-22T13:42:57
================================================================================
[2025-12-22T13:43:57.717+0000] {manager.py:878} INFO - 
================================================================================
DAG File Processing Stats

File Path                                         PID  Runtime      # DAGs    # Errors  Last Runtime    Last Run
----------------------------------------------  -----  ---------  --------  ----------  --------------  -------------------
/opt/airflow/dags/retail_sales_pipeline_dag.py    414  0.03s             1           0  0.11s           2025-12-22T13:43:27
================================================================================
[2025-12-22T13:44:28.016+0000] {manager.py:878} INFO - 
================================================================================
DAG File Processing Stats

File Path                                         PID  Runtime      # DAGs    # Errors  Last Runtime    Last Run
----------------------------------------------  -----  ---------  --------  ----------  --------------  -------------------
/opt/airflow/dags/retail_sales_pipeline_dag.py    419  0.01s             1           0  0.12s           2025-12-22T13:43:57
================================================================================
[2025-12-22T13:44:38.118+0000] {manager.py:737} INFO - Searching for files in /opt/airflow/dags
[2025-12-22T13:44:38.122+0000] {manager.py:740} INFO - There are 1 files in /opt/airflow/dags
[2025-12-22T13:44:58.333+0000] {manager.py:878} INFO - 
================================================================================
DAG File Processing Stats

File Path                                         PID  Runtime      # DAGs    # Errors  Last Runtime    Last Run
----------------------------------------------  -----  ---------  --------  ----------  --------------  -------------------
/opt/airflow/dags/retail_sales_pipeline_dag.py    424  0.03s             1           0  0.08s           2025-12-22T13:44:28
================================================================================
[2025-12-22T13:45:28.692+0000] {manager.py:878} INFO - 
================================================================================
DAG File Processing Stats

File Path                                         PID  Runtime      # DAGs    # Errors  Last Runtime    Last Run
----------------------------------------------  -----  ---------  --------  ----------  --------------  -------------------
/opt/airflow/dags/retail_sales_pipeline_dag.py    429  0.02s             1           0  0.10s           2025-12-22T13:44:58
================================================================================
[2025-12-22T13:45:59.180+0000] {manager.py:878} INFO - 
================================================================================
DAG File Processing Stats

File Path                                         PID  Runtime      # DAGs    # Errors  Last Runtime    Last Run
----------------------------------------------  -----  ---------  --------  ----------  --------------  -------------------
/opt/airflow/dags/retail_sales_pipeline_dag.py    434  0.02s             1           0  0.10s           2025-12-22T13:45:28
================================================================================
[2025-12-22T13:46:29.684+0000] {manager.py:878} INFO - 
================================================================================
DAG File Processing Stats

File Path                                         PID  Runtime      # DAGs    # Errors  Last Runtime    Last Run
----------------------------------------------  -----  ---------  --------  ----------  --------------  -------------------
/opt/airflow/dags/retail_sales_pipeline_dag.py    439  0.04s             1           0  0.10s           2025-12-22T13:45:59
================================================================================
[2025-12-22T13:47:00.263+0000] {manager.py:878} INFO - 
================================================================================
DAG File Processing Stats

File Path                                         PID  Runtime      # DAGs    # Errors  Last Runtime    Last Run
----------------------------------------------  -----  ---------  --------  ----------  --------------  -------------------
/opt/airflow/dags/retail_sales_pipeline_dag.py    444  0.03s             1           0  0.16s           2025-12-22T13:46:29
================================================================================
