[2025-12-22T13:20:39.366+0000] {local_task_job_runner.py:120} INFO - ::group::Pre task execution logs
[2025-12-22T13:20:39.410+0000] {taskinstance.py:2076} INFO - Dependencies all met for dep_context=non-requeueable deps ti=<TaskInstance: retail_sales_pipeline.run_docker_pipeline manual__2025-12-22T13:20:38.170839+00:00 [queued]>
[2025-12-22T13:20:39.413+0000] {taskinstance.py:2076} INFO - Dependencies all met for dep_context=requeueable deps ti=<TaskInstance: retail_sales_pipeline.run_docker_pipeline manual__2025-12-22T13:20:38.170839+00:00 [queued]>
[2025-12-22T13:20:39.413+0000] {taskinstance.py:2306} INFO - Starting attempt 1 of 1
[2025-12-22T13:20:39.419+0000] {taskinstance.py:2330} INFO - Executing <Task(BashOperator): run_docker_pipeline> on 2025-12-22 13:20:38.170839+00:00
[2025-12-22T13:20:39.429+0000] {logging_mixin.py:188} WARNING - /home/***/.local/lib/python3.12/site-packages/***/task/task_runner/standard_task_runner.py:61 DeprecationWarning: This process (pid=179) is multi-threaded, use of fork() may lead to deadlocks in the child.
[2025-12-22T13:20:39.430+0000] {standard_task_runner.py:63} INFO - Started process 180 to run task
[2025-12-22T13:20:39.451+0000] {standard_task_runner.py:90} INFO - Running: ['***', 'tasks', 'run', 'retail_sales_pipeline', 'run_docker_pipeline', 'manual__2025-12-22T13:20:38.170839+00:00', '--job-id', '6', '--raw', '--subdir', 'DAGS_FOLDER/retail_sales_pipeline_dag.py', '--cfg-path', '/tmp/tmpkyj7w278']
[2025-12-22T13:20:39.468+0000] {standard_task_runner.py:91} INFO - Job 6: Subtask run_docker_pipeline
[2025-12-22T13:20:39.562+0000] {task_command.py:426} INFO - Running <TaskInstance: retail_sales_pipeline.run_docker_pipeline manual__2025-12-22T13:20:38.170839+00:00 [running]> on host bf55d12b83bb
[2025-12-22T13:20:39.803+0000] {taskinstance.py:2648} INFO - Exporting env vars: AIRFLOW_CTX_DAG_OWNER='***' AIRFLOW_CTX_DAG_ID='retail_sales_pipeline' AIRFLOW_CTX_TASK_ID='run_docker_pipeline' AIRFLOW_CTX_EXECUTION_DATE='2025-12-22T13:20:38.170839+00:00' AIRFLOW_CTX_TRY_NUMBER='1' AIRFLOW_CTX_DAG_RUN_ID='manual__2025-12-22T13:20:38.170839+00:00'
[2025-12-22T13:20:39.804+0000] {taskinstance.py:430} INFO - ::endgroup::
[2025-12-22T13:20:39.842+0000] {subprocess.py:63} INFO - Tmp dir root location: /tmp
[2025-12-22T13:20:39.844+0000] {subprocess.py:75} INFO - Running command: ['/usr/bin/bash', '-c', 'docker run --rm -v /Users/srimurari/Desktop/Repos/retail-sales-analytics/data:/app/data retail-sales-pipeline']
[2025-12-22T13:20:39.857+0000] {subprocess.py:86} INFO - Output:
[2025-12-22T13:20:59.585+0000] {subprocess.py:93} INFO - 
[2025-12-22T13:20:59.593+0000] {subprocess.py:93} INFO - Running Orders with Items (orders_with_items.py)
[2025-12-22T13:20:59.594+0000] {subprocess.py:93} INFO - 
[2025-12-22T13:20:59.594+0000] {subprocess.py:93} INFO - Running Orders + Items + Customers (ord_itm_cust.py)
[2025-12-22T13:20:59.594+0000] {subprocess.py:93} INFO - 
[2025-12-22T13:20:59.594+0000] {subprocess.py:93} INFO - Running Add Payments (ord_pay.py)
[2025-12-22T13:20:59.595+0000] {subprocess.py:93} INFO - 
[2025-12-22T13:20:59.595+0000] {subprocess.py:93} INFO - Running Add Products (ord_pay_prod.py)
[2025-12-22T13:20:59.595+0000] {subprocess.py:93} INFO - 
[2025-12-22T13:20:59.595+0000] {subprocess.py:93} INFO - Running Add Sellers (ord_prod_sell.py)
[2025-12-22T13:20:59.595+0000] {subprocess.py:93} INFO - 
[2025-12-22T13:20:59.596+0000] {subprocess.py:93} INFO - Running Cleaning (clean.py)
[2025-12-22T13:20:59.596+0000] {subprocess.py:93} INFO - 
[2025-12-22T13:20:59.596+0000] {subprocess.py:93} INFO - Running Transformation (transform.py)
[2025-12-22T13:20:59.596+0000] {subprocess.py:93} INFO - 
[2025-12-22T13:20:59.596+0000] {subprocess.py:93} INFO - Pipeline completed successfully
[2025-12-22T13:20:59.884+0000] {subprocess.py:97} INFO - Command exited with return code 0
[2025-12-22T13:20:59.890+0000] {taskinstance.py:441} INFO - ::group::Post task execution logs
[2025-12-22T13:20:59.927+0000] {taskinstance.py:1206} INFO - Marking task as SUCCESS. dag_id=retail_sales_pipeline, task_id=run_docker_pipeline, run_id=manual__2025-12-22T13:20:38.170839+00:00, execution_date=20251222T132038, start_date=20251222T132039, end_date=20251222T132059
[2025-12-22T13:21:00.002+0000] {local_task_job_runner.py:240} INFO - Task exited with return code 0
[2025-12-22T13:21:00.015+0000] {taskinstance.py:3498} INFO - 0 downstream tasks scheduled from follow-on schedule check
[2025-12-22T13:21:00.016+0000] {local_task_job_runner.py:222} INFO - ::endgroup::
